<?xml version="1.0" encoding="UTF-8"?>
<testsuite name="InvoiceServiceTest" tests="1" skipped="0" failures="0" errors="0" timestamp="2022-04-12T14:45:08" hostname="LAPTOP-5VG3FQ72" time="0.032">
  <properties/>
  <testcase name="givenMultipleRides_TotalFare()" classname="InvoiceServiceTest" time="0.032"/>
  <system-out><![CDATA[]]></system-out>
  <system-err><![CDATA[]]></system-err>
</testsuite>
